<?xml version="1.0" encoding="UTF-8"?>
<coverage generated="1744729327299" clover="3.2.0">
  <project timestamp="1744729327300" name="All files">
    <metrics statements="100" coveredstatements="91" conditionals="26" coveredconditionals="22" methods="39" coveredmethods="36" elements="165" coveredelements="149" complexity="0" loc="100" ncloc="100" packages="17" files="23" classes="23"/>
    <package name="src">
      <metrics statements="8" coveredstatements="0" conditionals="0" coveredconditionals="0" methods="3" coveredmethods="0"/>
      <file name="App.tsx" path="C:/Users/MarioOrtizCuadrado/Desktop/Proyectos/pokedex/src/App.tsx">
        <metrics statements="2" coveredstatements="0" conditionals="0" coveredconditionals="0" methods="1" coveredmethods="0"/>
        <line num="3" count="0" type="stmt"/>
        <line num="4" count="0" type="stmt"/>
      </file>
      <file name="Router.tsx" path="C:/Users/MarioOrtizCuadrado/Desktop/Proyectos/pokedex/src/Router.tsx">
        <metrics statements="5" coveredstatements="0" conditionals="0" coveredconditionals="0" methods="2" coveredmethods="0"/>
        <line num="4" count="0" type="stmt"/>
        <line num="11" count="0" type="stmt"/>
        <line num="14" count="0" type="stmt"/>
        <line num="22" count="0" type="stmt"/>
        <line num="23" count="0" type="stmt"/>
      </file>
      <file name="main.tsx" path="C:/Users/MarioOrtizCuadrado/Desktop/Proyectos/pokedex/src/main.tsx">
        <metrics statements="1" coveredstatements="0" conditionals="0" coveredconditionals="0" methods="0" coveredmethods="0"/>
        <line num="6" count="0" type="stmt"/>
      </file>
    </package>
    <package name="src.core.application">
      <metrics statements="4" coveredstatements="4" conditionals="0" coveredconditionals="0" methods="1" coveredmethods="1"/>
      <file name="pokemon.service.ts" path="C:/Users/MarioOrtizCuadrado/Desktop/Proyectos/pokedex/src/core/application/pokemon.service.ts">
        <metrics statements="4" coveredstatements="4" conditionals="0" coveredconditionals="0" methods="1" coveredmethods="1"/>
        <line num="5" count="2" type="stmt"/>
        <line num="6" count="1" type="stmt"/>
        <line num="7" count="1" type="stmt"/>
        <line num="10" count="2" type="stmt"/>
      </file>
    </package>
    <package name="src.core.application.__fixtures__">
      <metrics statements="1" coveredstatements="0" conditionals="0" coveredconditionals="0" methods="0" coveredmethods="0"/>
      <file name="pokemonData.ts" path="C:/Users/MarioOrtizCuadrado/Desktop/Proyectos/pokedex/src/core/application/__fixtures__/pokemonData.ts">
        <metrics statements="1" coveredstatements="0" conditionals="0" coveredconditionals="0" methods="0" coveredmethods="0"/>
        <line num="3" count="0" type="stmt"/>
      </file>
    </package>
    <package name="src.core.domain">
      <metrics statements="1" coveredstatements="1" conditionals="0" coveredconditionals="0" methods="0" coveredmethods="0"/>
      <file name="region.constants.ts" path="C:/Users/MarioOrtizCuadrado/Desktop/Proyectos/pokedex/src/core/domain/region.constants.ts">
        <metrics statements="1" coveredstatements="1" conditionals="0" coveredconditionals="0" methods="0" coveredmethods="0"/>
        <line num="1" count="2" type="stmt"/>
      </file>
    </package>
    <package name="src.core.infrastructure">
      <metrics statements="13" coveredstatements="13" conditionals="0" coveredconditionals="0" methods="7" coveredmethods="7"/>
      <file name="pokeApiPokemonRepository.ts" path="C:/Users/MarioOrtizCuadrado/Desktop/Proyectos/pokedex/src/core/infrastructure/pokeApiPokemonRepository.ts">
        <metrics statements="13" coveredstatements="13" conditionals="0" coveredconditionals="0" methods="7" coveredmethods="7"/>
        <line num="10" count="4" type="stmt"/>
        <line num="12" count="3" type="stmt"/>
        <line num="14" count="3" type="stmt"/>
        <line num="15" count="2" type="stmt"/>
        <line num="17" count="3" type="stmt"/>
        <line num="19" count="3" type="stmt"/>
        <line num="23" count="2" type="stmt"/>
        <line num="24" count="2" type="stmt"/>
        <line num="25" count="2" type="stmt"/>
        <line num="26" count="1" type="stmt"/>
        <line num="28" count="1" type="stmt"/>
        <line num="32" count="2" type="stmt"/>
        <line num="38" count="1" type="stmt"/>
      </file>
    </package>
    <package name="src.core.infrastructure.__fixtures__">
      <metrics statements="2" coveredstatements="2" conditionals="0" coveredconditionals="0" methods="0" coveredmethods="0"/>
      <file name="pokemonData.ts" path="C:/Users/MarioOrtizCuadrado/Desktop/Proyectos/pokedex/src/core/infrastructure/__fixtures__/pokemonData.ts">
        <metrics statements="2" coveredstatements="2" conditionals="0" coveredconditionals="0" methods="0" coveredmethods="0"/>
        <line num="3" count="1" type="stmt"/>
        <line num="7" count="1" type="stmt"/>
      </file>
    </package>
    <package name="src.hooks">
      <metrics statements="36" coveredstatements="36" conditionals="10" coveredconditionals="8" methods="11" coveredmethods="11"/>
      <file name="useDebounce.ts" path="C:/Users/MarioOrtizCuadrado/Desktop/Proyectos/pokedex/src/hooks/useDebounce.ts">
        <metrics statements="11" coveredstatements="11" conditionals="4" coveredconditionals="3" methods="4" coveredmethods="4"/>
        <line num="4" count="48" type="stmt"/>
        <line num="5" count="48" type="stmt"/>
        <line num="7" count="48" type="stmt"/>
        <line num="8" count="26" type="cond" truecount="2" falsecount="0"/>
        <line num="9" count="12" type="stmt"/>
        <line num="12" count="26" type="stmt"/>
        <line num="13" count="8" type="stmt"/>
        <line num="16" count="26" type="stmt"/>
        <line num="17" count="26" type="cond" truecount="1" falsecount="1"/>
        <line num="18" count="26" type="stmt"/>
        <line num="23" count="48" type="stmt"/>
      </file>
      <file name="useFetchPokemonByRegion.ts" path="C:/Users/MarioOrtizCuadrado/Desktop/Proyectos/pokedex/src/hooks/useFetchPokemonByRegion.ts">
        <metrics statements="18" coveredstatements="18" conditionals="4" coveredconditionals="3" methods="3" coveredmethods="3"/>
        <line num="12" count="2" type="stmt"/>
        <line num="15" count="38" type="stmt"/>
        <line num="16" count="38" type="stmt"/>
        <line num="17" count="38" type="stmt"/>
        <line num="19" count="38" type="stmt"/>
        <line num="20" count="10" type="cond" truecount="1" falsecount="1"/>
        <line num="21" count="10" type="stmt"/>
        <line num="22" count="10" type="stmt"/>
        <line num="23" count="10" type="stmt"/>
        <line num="24" count="10" type="stmt"/>
        <line num="25" count="10" type="stmt"/>
        <line num="26" count="9" type="cond" truecount="2" falsecount="0"/>
        <line num="28" count="1" type="stmt"/>
        <line num="29" count="1" type="stmt"/>
        <line num="31" count="10" type="stmt"/>
        <line num="35" count="38" type="stmt"/>
        <line num="36" count="10" type="stmt"/>
        <line num="39" count="38" type="stmt"/>
      </file>
      <file name="useFilteredPokemon.ts" path="C:/Users/MarioOrtizCuadrado/Desktop/Proyectos/pokedex/src/hooks/useFilteredPokemon.ts">
        <metrics statements="7" coveredstatements="7" conditionals="2" coveredconditionals="2" methods="4" coveredmethods="4"/>
        <line num="4" count="2" type="stmt"/>
        <line num="5" count="33" type="stmt"/>
        <line num="7" count="33" type="stmt"/>
        <line num="9" count="26" type="stmt"/>
        <line num="11" count="22" type="cond" truecount="2" falsecount="0"/>
        <line num="12" count="8" type="stmt"/>
        <line num="17" count="33" type="stmt"/>
      </file>
    </package>
    <package name="src.hooks.__fixtures__">
      <metrics statements="2" coveredstatements="2" conditionals="0" coveredconditionals="0" methods="0" coveredmethods="0"/>
      <file name="pokemonData.ts" path="C:/Users/MarioOrtizCuadrado/Desktop/Proyectos/pokedex/src/hooks/__fixtures__/pokemonData.ts">
        <metrics statements="2" coveredstatements="2" conditionals="0" coveredconditionals="0" methods="0" coveredmethods="0"/>
        <line num="3" count="2" type="stmt"/>
        <line num="7" count="2" type="stmt"/>
      </file>
    </package>
    <package name="src.ui.components.atoms.icons">
      <metrics statements="3" coveredstatements="3" conditionals="0" coveredconditionals="0" methods="2" coveredmethods="2"/>
      <file name="MagnifyingGlass.tsx" path="C:/Users/MarioOrtizCuadrado/Desktop/Proyectos/pokedex/src/ui/components/atoms/icons/MagnifyingGlass.tsx">
        <metrics statements="1" coveredstatements="1" conditionals="0" coveredconditionals="0" methods="1" coveredmethods="1"/>
        <line num="4" count="30" type="stmt"/>
      </file>
      <file name="PokemonIcons.tsx" path="C:/Users/MarioOrtizCuadrado/Desktop/Proyectos/pokedex/src/ui/components/atoms/icons/PokemonIcons.tsx">
        <metrics statements="1" coveredstatements="1" conditionals="0" coveredconditionals="0" methods="0" coveredmethods="0"/>
        <line num="20" count="1" type="stmt"/>
      </file>
      <file name="VerticalChevron.tsx" path="C:/Users/MarioOrtizCuadrado/Desktop/Proyectos/pokedex/src/ui/components/atoms/icons/VerticalChevron.tsx">
        <metrics statements="1" coveredstatements="1" conditionals="0" coveredconditionals="0" methods="1" coveredmethods="1"/>
        <line num="2" count="30" type="stmt"/>
      </file>
    </package>
    <package name="src.ui.components.atoms.skelletons">
      <metrics statements="2" coveredstatements="2" conditionals="0" coveredconditionals="0" methods="1" coveredmethods="1"/>
      <file name="CardSkelleton.tsx" path="C:/Users/MarioOrtizCuadrado/Desktop/Proyectos/pokedex/src/ui/components/atoms/skelletons/CardSkelleton.tsx">
        <metrics statements="2" coveredstatements="2" conditionals="0" coveredconditionals="0" methods="1" coveredmethods="1"/>
        <line num="1" count="1" type="stmt"/>
        <line num="2" count="42" type="stmt"/>
      </file>
    </package>
    <package name="src.ui.components.molecules.pokemonCard">
      <metrics statements="4" coveredstatements="4" conditionals="2" coveredconditionals="1" methods="2" coveredmethods="2"/>
      <file name="PokemonCard.tsx" path="C:/Users/MarioOrtizCuadrado/Desktop/Proyectos/pokedex/src/ui/components/molecules/pokemonCard/PokemonCard.tsx">
        <metrics statements="4" coveredstatements="4" conditionals="2" coveredconditionals="1" methods="2" coveredmethods="2"/>
        <line num="8" count="1" type="stmt"/>
        <line num="9" count="25" type="stmt"/>
        <line num="13" count="25" type="stmt"/>
        <line num="35" count="150" type="stmt"/>
      </file>
    </package>
    <package name="src.ui.components.molecules.searchBar">
      <metrics statements="8" coveredstatements="8" conditionals="4" coveredconditionals="4" methods="6" coveredmethods="6"/>
      <file name="SearchBar.tsx" path="C:/Users/MarioOrtizCuadrado/Desktop/Proyectos/pokedex/src/ui/components/molecules/searchBar/SearchBar.tsx">
        <metrics statements="8" coveredstatements="8" conditionals="4" coveredconditionals="4" methods="6" coveredmethods="6"/>
        <line num="14" count="1" type="stmt"/>
        <line num="15" count="30" type="stmt"/>
        <line num="17" count="30" type="stmt"/>
        <line num="23" count="6" type="stmt"/>
        <line num="29" count="1" type="stmt"/>
        <line num="36" count="270" type="stmt"/>
        <line num="40" count="1" type="stmt"/>
        <line num="41" count="1" type="stmt"/>
      </file>
    </package>
    <package name="src.ui.components.organisms.footer">
      <metrics statements="2" coveredstatements="2" conditionals="0" coveredconditionals="0" methods="1" coveredmethods="1"/>
      <file name="Footer.tsx" path="C:/Users/MarioOrtizCuadrado/Desktop/Proyectos/pokedex/src/ui/components/organisms/footer/Footer.tsx">
        <metrics statements="2" coveredstatements="2" conditionals="0" coveredconditionals="0" methods="1" coveredmethods="1"/>
        <line num="1" count="1" type="stmt"/>
        <line num="2" count="29" type="stmt"/>
      </file>
    </package>
    <package name="src.ui.components.organisms.header">
      <metrics statements="2" coveredstatements="2" conditionals="0" coveredconditionals="0" methods="1" coveredmethods="1"/>
      <file name="Header.tsx" path="C:/Users/MarioOrtizCuadrado/Desktop/Proyectos/pokedex/src/ui/components/organisms/header/Header.tsx">
        <metrics statements="2" coveredstatements="2" conditionals="0" coveredconditionals="0" methods="1" coveredmethods="1"/>
        <line num="1" count="1" type="stmt"/>
        <line num="2" count="29" type="stmt"/>
      </file>
    </package>
    <package name="src.ui.components.pages.Home">
      <metrics statements="9" coveredstatements="9" conditionals="10" coveredconditionals="9" methods="3" coveredmethods="3"/>
      <file name="Home.tsx" path="C:/Users/MarioOrtizCuadrado/Desktop/Proyectos/pokedex/src/ui/components/pages/Home/Home.tsx">
        <metrics statements="9" coveredstatements="9" conditionals="10" coveredconditionals="9" methods="3" coveredmethods="3"/>
        <line num="11" count="1" type="stmt"/>
        <line num="12" count="29" type="stmt"/>
        <line num="13" count="29" type="stmt"/>
        <line num="15" count="29" type="stmt"/>
        <line num="16" count="29" type="stmt"/>
        <line num="17" count="29" type="stmt"/>
        <line num="19" count="29" type="stmt"/>
        <line num="34" count="42" type="stmt"/>
        <line num="41" count="25" type="stmt"/>
      </file>
    </package>
    <package name="src.ui.components.pages.Home.__fixtures__">
      <metrics statements="1" coveredstatements="1" conditionals="0" coveredconditionals="0" methods="0" coveredmethods="0"/>
      <file name="pokemonData.ts" path="C:/Users/MarioOrtizCuadrado/Desktop/Proyectos/pokedex/src/ui/components/pages/Home/__fixtures__/pokemonData.ts">
        <metrics statements="1" coveredstatements="1" conditionals="0" coveredconditionals="0" methods="0" coveredmethods="0"/>
        <line num="3" count="1" type="stmt"/>
      </file>
    </package>
    <package name="src.ui.components.templates">
      <metrics statements="2" coveredstatements="2" conditionals="0" coveredconditionals="0" methods="1" coveredmethods="1"/>
      <file name="Layout.tsx" path="C:/Users/MarioOrtizCuadrado/Desktop/Proyectos/pokedex/src/ui/components/templates/Layout.tsx">
        <metrics statements="2" coveredstatements="2" conditionals="0" coveredconditionals="0" methods="1" coveredmethods="1"/>
        <line num="4" count="1" type="stmt"/>
        <line num="5" count="29" type="stmt"/>
      </file>
    </package>
  </project>
</coverage>
