{
  "C:/Users/MarioOrtizCuadrado/Desktop/Proyectos/pokedex/src/App.tsx": {
    "path": "C:/Users/MarioOrtizCuadrado/Desktop/Proyectos/pokedex/src/App.tsx",
    "statementMap": {
      "0": {
        "start": { "line": 3, "column": 19 },
        "end": { "line": 5, "column": null }
      },
      "1": {
        "start": { "line": 4, "column": 2 },
        "end": { "line": 4, "column": null }
      }
    },
    "fnMap": {
      "0": {
        "name": "(anonymous_0)",
        "decl": {
          "start": { "line": 3, "column": 19 },
          "end": { "line": 3, "column": 25 }
        },
        "loc": {
          "start": { "line": 3, "column": 25 },
          "end": { "line": 5, "column": null }
        }
      }
    },
    "branchMap": {},
    "s": { "0": 0, "1": 0 },
    "f": { "0": 0 },
    "b": {}
  },
  "C:/Users/MarioOrtizCuadrado/Desktop/Proyectos/pokedex/src/Router.tsx": {
    "path": "C:/Users/MarioOrtizCuadrado/Desktop/Proyectos/pokedex/src/Router.tsx",
    "statementMap": {
      "0": {
        "start": { "line": 4, "column": 15 },
        "end": { "line": 9, "column": null }
      },
      "1": {
        "start": { "line": 11, "column": 15 },
        "end": { "line": 20, "column": null }
      },
      "2": {
        "start": { "line": 14, "column": 73 },
        "end": { "line": 17, "column": 6 }
      },
      "3": {
        "start": { "line": 22, "column": 22 },
        "end": { "line": 24, "column": null }
      },
      "4": {
        "start": { "line": 23, "column": 2 },
        "end": { "line": 23, "column": null }
      }
    },
    "fnMap": {
      "0": {
        "name": "(anonymous_0)",
        "decl": {
          "start": { "line": 14, "column": 40 },
          "end": { "line": 14, "column": 41 }
        },
        "loc": {
          "start": { "line": 14, "column": 73 },
          "end": { "line": 17, "column": 6 }
        }
      },
      "1": {
        "name": "(anonymous_1)",
        "decl": {
          "start": { "line": 22, "column": 22 },
          "end": { "line": 22, "column": 28 }
        },
        "loc": {
          "start": { "line": 22, "column": 28 },
          "end": { "line": 24, "column": null }
        }
      }
    },
    "branchMap": {},
    "s": { "0": 0, "1": 0, "2": 0, "3": 0, "4": 0 },
    "f": { "0": 0, "1": 0 },
    "b": {}
  },
  "C:/Users/MarioOrtizCuadrado/Desktop/Proyectos/pokedex/src/main.tsx": {
    "path": "C:/Users/MarioOrtizCuadrado/Desktop/Proyectos/pokedex/src/main.tsx",
    "statementMap": {
      "0": {
        "start": { "line": 6, "column": 0 },
        "end": { "line": 10, "column": null }
      }
    },
    "fnMap": {},
    "branchMap": {},
    "s": { "0": 0 },
    "f": {},
    "b": {}
  },
  "C:/Users/MarioOrtizCuadrado/Desktop/Proyectos/pokedex/src/core/application/pokemon.service.ts": {
    "path": "C:/Users/MarioOrtizCuadrado/Desktop/Proyectos/pokedex/src/core/application/pokemon.service.ts",
    "statementMap": {
      "0": {
        "start": { "line": 5, "column": 20 },
        "end": { "line": 8, "column": null }
      },
      "1": {
        "start": { "line": 6, "column": 21 },
        "end": { "line": 6, "column": null }
      },
      "2": {
        "start": { "line": 7, "column": 2 },
        "end": { "line": 7, "column": null }
      },
      "3": {
        "start": { "line": 10, "column": 30 },
        "end": { "line": 10, "column": null }
      }
    },
    "fnMap": {
      "0": {
        "name": "(anonymous_0)",
        "decl": {
          "start": { "line": 5, "column": 20 },
          "end": { "line": 5, "column": 27 }
        },
        "loc": {
          "start": { "line": 5, "column": 78 },
          "end": { "line": 8, "column": null }
        }
      }
    },
    "branchMap": {},
    "s": { "0": 2, "1": 1, "2": 1, "3": 2 },
    "f": { "0": 1 },
    "b": {}
  },
  "C:/Users/MarioOrtizCuadrado/Desktop/Proyectos/pokedex/src/core/application/__fixtures__/pokemonData.ts": {
    "path": "C:/Users/MarioOrtizCuadrado/Desktop/Proyectos/pokedex/src/core/application/__fixtures__/pokemonData.ts",
    "statementMap": {
      "0": {
        "start": { "line": 3, "column": 38 },
        "end": { "line": 25, "column": null }
      }
    },
    "fnMap": {},
    "branchMap": {},
    "s": { "0": 0 },
    "f": {},
    "b": {}
  },
  "C:/Users/MarioOrtizCuadrado/Desktop/Proyectos/pokedex/src/core/domain/region.constants.ts": {
    "path": "C:/Users/MarioOrtizCuadrado/Desktop/Proyectos/pokedex/src/core/domain/region.constants.ts",
    "statementMap": {
      "0": {
        "start": { "line": 1, "column": 23 },
        "end": { "line": 38, "column": null }
      }
    },
    "fnMap": {},
    "branchMap": {},
    "s": { "0": 2 },
    "f": {},
    "b": {}
  },
  "C:/Users/MarioOrtizCuadrado/Desktop/Proyectos/pokedex/src/core/infrastructure/pokeApiPokemonRepository.ts": {
    "path": "C:/Users/MarioOrtizCuadrado/Desktop/Proyectos/pokedex/src/core/infrastructure/pokeApiPokemonRepository.ts",
    "statementMap": {
      "0": {
        "start": { "line": 10, "column": 40 },
        "end": { "line": 12, "column": null }
      },
      "1": {
        "start": { "line": 12, "column": 20 },
        "end": { "line": 12, "column": 30 }
      },
      "2": {
        "start": { "line": 14, "column": 19 },
        "end": { "line": 16, "column": null }
      },
      "3": {
        "start": { "line": 15, "column": 38 },
        "end": { "line": 15, "column": 59 }
      },
      "4": {
        "start": { "line": 17, "column": 27 },
        "end": { "line": 17, "column": null }
      },
      "5": {
        "start": { "line": 17, "column": 48 },
        "end": { "line": 17, "column": 63 }
      },
      "6": {
        "start": { "line": 19, "column": 4 },
        "end": { "line": 19, "column": null }
      },
      "7": {
        "start": { "line": 23, "column": 19 },
        "end": { "line": 30, "column": null }
      },
      "8": {
        "start": { "line": 24, "column": 2 },
        "end": { "line": 29, "column": null }
      },
      "9": {
        "start": { "line": 25, "column": 31 },
        "end": { "line": 25, "column": null }
      },
      "10": {
        "start": { "line": 25, "column": 62 },
        "end": { "line": 25, "column": 72 }
      },
      "11": {
        "start": { "line": 26, "column": 4 },
        "end": { "line": 26, "column": null }
      },
      "12": {
        "start": { "line": 28, "column": 4 },
        "end": { "line": 28, "column": null }
      },
      "13": {
        "start": { "line": 32, "column": 18 },
        "end": { "line": 44, "column": null }
      },
      "14": {
        "start": { "line": 38, "column": 28 },
        "end": { "line": 44, "column": null }
      }
    },
    "fnMap": {
      "0": {
        "name": "(anonymous_0)",
        "decl": {
          "start": { "line": 9, "column": 2 },
          "end": { "line": 9, "column": 8 }
        },
        "loc": {
          "start": { "line": 9, "column": 56 },
          "end": { "line": 20, "column": null }
        }
      },
      "1": {
        "name": "(anonymous_1)",
        "decl": {
          "start": { "line": 12, "column": 11 },
          "end": { "line": 12, "column": 12 }
        },
        "loc": {
          "start": { "line": 12, "column": 20 },
          "end": { "line": 12, "column": 30 }
        }
      },
      "2": {
        "name": "(anonymous_2)",
        "decl": {
          "start": { "line": 15, "column": 19 },
          "end": { "line": 15, "column": 26 }
        },
        "loc": {
          "start": { "line": 15, "column": 38 },
          "end": { "line": 15, "column": 59 }
        }
      },
      "3": {
        "name": "(anonymous_3)",
        "decl": {
          "start": { "line": 17, "column": 41 },
          "end": { "line": 17, "column": 42 }
        },
        "loc": {
          "start": { "line": 17, "column": 48 },
          "end": { "line": 17, "column": 63 }
        }
      },
      "4": {
        "name": "(anonymous_4)",
        "decl": {
          "start": { "line": 23, "column": 19 },
          "end": { "line": 23, "column": 26 }
        },
        "loc": {
          "start": { "line": 23, "column": 42 },
          "end": { "line": 30, "column": null }
        }
      },
      "5": {
        "name": "(anonymous_5)",
        "decl": {
          "start": { "line": 25, "column": 53 },
          "end": { "line": 25, "column": 54 }
        },
        "loc": {
          "start": { "line": 25, "column": 62 },
          "end": { "line": 25, "column": 72 }
        }
      },
      "6": {
        "name": "(anonymous_6)",
        "decl": {
          "start": { "line": 32, "column": 18 },
          "end": { "line": 32, "column": 19 }
        },
        "loc": {
          "start": { "line": 38, "column": 28 },
          "end": { "line": 44, "column": null }
        }
      }
    },
    "branchMap": {},
    "s": {
      "0": 4,
      "1": 3,
      "2": 3,
      "3": 2,
      "4": 3,
      "5": 2,
      "6": 3,
      "7": 2,
      "8": 2,
      "9": 2,
      "10": 1,
      "11": 1,
      "12": 1,
      "13": 2,
      "14": 1
    },
    "f": { "0": 4, "1": 3, "2": 2, "3": 2, "4": 2, "5": 1, "6": 1 },
    "b": {}
  },
  "C:/Users/MarioOrtizCuadrado/Desktop/Proyectos/pokedex/src/core/infrastructure/__fixtures__/pokemonData.ts": {
    "path": "C:/Users/MarioOrtizCuadrado/Desktop/Proyectos/pokedex/src/core/infrastructure/__fixtures__/pokemonData.ts",
    "statementMap": {
      "0": {
        "start": { "line": 3, "column": 31 },
        "end": { "line": 5, "column": null }
      },
      "1": {
        "start": { "line": 7, "column": 38 },
        "end": { "line": 29, "column": null }
      }
    },
    "fnMap": {},
    "branchMap": {},
    "s": { "0": 1, "1": 1 },
    "f": {},
    "b": {}
  },
  "C:/Users/MarioOrtizCuadrado/Desktop/Proyectos/pokedex/src/hooks/useDebounce.ts": {
    "path": "C:/Users/MarioOrtizCuadrado/Desktop/Proyectos/pokedex/src/hooks/useDebounce.ts",
    "statementMap": {
      "0": {
        "start": { "line": 4, "column": 36 },
        "end": { "line": 4, "column": null }
      },
      "1": {
        "start": { "line": 5, "column": 21 },
        "end": { "line": 5, "column": null }
      },
      "2": {
        "start": { "line": 7, "column": 2 },
        "end": { "line": 21, "column": null }
      },
      "3": {
        "start": { "line": 8, "column": 4 },
        "end": { "line": 10, "column": null }
      },
      "4": {
        "start": { "line": 9, "column": 6 },
        "end": { "line": 9, "column": null }
      },
      "5": {
        "start": { "line": 12, "column": 4 },
        "end": { "line": 14, "column": null }
      },
      "6": {
        "start": { "line": 13, "column": 6 },
        "end": { "line": 13, "column": null }
      },
      "7": {
        "start": { "line": 16, "column": 4 },
        "end": { "line": 20, "column": null }
      },
      "8": {
        "start": { "line": 17, "column": 6 },
        "end": { "line": 19, "column": null }
      },
      "9": {
        "start": { "line": 18, "column": 8 },
        "end": { "line": 18, "column": null }
      },
      "10": {
        "start": { "line": 23, "column": 2 },
        "end": { "line": 23, "column": null }
      }
    },
    "fnMap": {
      "0": {
        "name": "useDebounce",
        "decl": {
          "start": { "line": 3, "column": 16 },
          "end": { "line": 3, "column": 31 }
        },
        "loc": {
          "start": { "line": 3, "column": 59 },
          "end": { "line": 24, "column": null }
        }
      },
      "1": {
        "name": "(anonymous_1)",
        "decl": {
          "start": { "line": 7, "column": 12 },
          "end": { "line": 7, "column": 18 }
        },
        "loc": {
          "start": { "line": 7, "column": 18 },
          "end": { "line": 21, "column": 5 }
        }
      },
      "2": {
        "name": "(anonymous_2)",
        "decl": {
          "start": { "line": 12, "column": 36 },
          "end": { "line": 12, "column": 42 }
        },
        "loc": {
          "start": { "line": 12, "column": 42 },
          "end": { "line": 14, "column": 7 }
        }
      },
      "3": {
        "name": "(anonymous_3)",
        "decl": {
          "start": { "line": 16, "column": 11 },
          "end": { "line": 16, "column": 17 }
        },
        "loc": {
          "start": { "line": 16, "column": 17 },
          "end": { "line": 20, "column": null }
        }
      }
    },
    "branchMap": {
      "0": {
        "loc": {
          "start": { "line": 8, "column": 4 },
          "end": { "line": 10, "column": null }
        },
        "type": "if",
        "locations": [
          {
            "start": { "line": 8, "column": 4 },
            "end": { "line": 10, "column": null }
          },
          { "start": {}, "end": {} }
        ]
      },
      "1": {
        "loc": {
          "start": { "line": 17, "column": 6 },
          "end": { "line": 19, "column": null }
        },
        "type": "if",
        "locations": [
          {
            "start": { "line": 17, "column": 6 },
            "end": { "line": 19, "column": null }
          },
          { "start": {}, "end": {} }
        ]
      }
    },
    "s": {
      "0": 48,
      "1": 48,
      "2": 48,
      "3": 26,
      "4": 12,
      "5": 26,
      "6": 8,
      "7": 26,
      "8": 26,
      "9": 26,
      "10": 48
    },
    "f": { "0": 48, "1": 26, "2": 8, "3": 26 },
    "b": { "0": [12, 14], "1": [26, 0] }
  },
  "C:/Users/MarioOrtizCuadrado/Desktop/Proyectos/pokedex/src/hooks/useFetchPokemonByRegion.ts": {
    "path": "C:/Users/MarioOrtizCuadrado/Desktop/Proyectos/pokedex/src/hooks/useFetchPokemonByRegion.ts",
    "statementMap": {
      "0": {
        "start": { "line": 12, "column": 39 },
        "end": { "line": 40, "column": null }
      },
      "1": {
        "start": { "line": 15, "column": 26 },
        "end": { "line": 15, "column": null }
      },
      "2": {
        "start": { "line": 16, "column": 32 },
        "end": { "line": 16, "column": null }
      },
      "3": {
        "start": { "line": 17, "column": 28 },
        "end": { "line": 17, "column": null }
      },
      "4": {
        "start": { "line": 19, "column": 20 },
        "end": { "line": 33, "column": null }
      },
      "5": {
        "start": { "line": 20, "column": 4 },
        "end": { "line": 20, "column": null }
      },
      "6": {
        "start": { "line": 20, "column": 17 },
        "end": { "line": 20, "column": null }
      },
      "7": {
        "start": { "line": 21, "column": 4 },
        "end": { "line": 21, "column": null }
      },
      "8": {
        "start": { "line": 22, "column": 4 },
        "end": { "line": 22, "column": null }
      },
      "9": {
        "start": { "line": 23, "column": 4 },
        "end": { "line": 23, "column": null }
      },
      "10": {
        "start": { "line": 24, "column": 4 },
        "end": { "line": 32, "column": null }
      },
      "11": {
        "start": { "line": 25, "column": 21 },
        "end": { "line": 25, "column": null }
      },
      "12": {
        "start": { "line": 26, "column": 6 },
        "end": { "line": 26, "column": null }
      },
      "13": {
        "start": { "line": 28, "column": 6 },
        "end": { "line": 28, "column": null }
      },
      "14": {
        "start": { "line": 29, "column": 6 },
        "end": { "line": 29, "column": null }
      },
      "15": {
        "start": { "line": 31, "column": 6 },
        "end": { "line": 31, "column": null }
      },
      "16": {
        "start": { "line": 35, "column": 2 },
        "end": { "line": 37, "column": null }
      },
      "17": {
        "start": { "line": 36, "column": 4 },
        "end": { "line": 36, "column": null }
      },
      "18": {
        "start": { "line": 39, "column": 2 },
        "end": { "line": 39, "column": null }
      }
    },
    "fnMap": {
      "0": {
        "name": "(anonymous_0)",
        "decl": {
          "start": { "line": 12, "column": 39 },
          "end": { "line": 12, "column": null }
        },
        "loc": {
          "start": { "line": 14, "column": 28 },
          "end": { "line": 40, "column": null }
        }
      },
      "1": {
        "name": "(anonymous_1)",
        "decl": {
          "start": { "line": 19, "column": 32 },
          "end": { "line": 19, "column": 44 }
        },
        "loc": {
          "start": { "line": 19, "column": 44 },
          "end": { "line": 33, "column": 5 }
        }
      },
      "2": {
        "name": "(anonymous_2)",
        "decl": {
          "start": { "line": 35, "column": 12 },
          "end": { "line": 35, "column": 18 }
        },
        "loc": {
          "start": { "line": 35, "column": 18 },
          "end": { "line": 37, "column": 5 }
        }
      }
    },
    "branchMap": {
      "0": {
        "loc": {
          "start": { "line": 20, "column": 4 },
          "end": { "line": 20, "column": null }
        },
        "type": "if",
        "locations": [
          {
            "start": { "line": 20, "column": 4 },
            "end": { "line": 20, "column": null }
          },
          { "start": {}, "end": {} }
        ]
      },
      "1": {
        "loc": {
          "start": { "line": 26, "column": 14 },
          "end": { "line": 26, "column": 26 }
        },
        "type": "binary-expr",
        "locations": [
          {
            "start": { "line": 26, "column": 14 },
            "end": { "line": 26, "column": 24 }
          },
          {
            "start": { "line": 26, "column": 24 },
            "end": { "line": 26, "column": 26 }
          }
        ]
      }
    },
    "s": {
      "0": 2,
      "1": 38,
      "2": 38,
      "3": 38,
      "4": 38,
      "5": 10,
      "6": 0,
      "7": 10,
      "8": 10,
      "9": 10,
      "10": 10,
      "11": 10,
      "12": 9,
      "13": 1,
      "14": 1,
      "15": 10,
      "16": 38,
      "17": 10,
      "18": 38
    },
    "f": { "0": 38, "1": 10, "2": 10 },
    "b": { "0": [0, 10], "1": [9, 2] }
  },
  "C:/Users/MarioOrtizCuadrado/Desktop/Proyectos/pokedex/src/hooks/useFilteredPokemon.ts": {
    "path": "C:/Users/MarioOrtizCuadrado/Desktop/Proyectos/pokedex/src/hooks/useFilteredPokemon.ts",
    "statementMap": {
      "0": {
        "start": { "line": 4, "column": 34 },
        "end": { "line": 18, "column": null }
      },
      "1": {
        "start": { "line": 5, "column": 23 },
        "end": { "line": 5, "column": null }
      },
      "2": {
        "start": { "line": 7, "column": 19 },
        "end": { "line": 15, "column": null }
      },
      "3": {
        "start": { "line": 9, "column": 6 },
        "end": { "line": 13, "column": null }
      },
      "4": {
        "start": { "line": 11, "column": 10 },
        "end": { "line": 12, "column": null }
      },
      "5": {
        "start": { "line": 12, "column": 37 },
        "end": { "line": 12, "column": 69 }
      },
      "6": {
        "start": { "line": 17, "column": 2 },
        "end": { "line": 17, "column": null }
      }
    },
    "fnMap": {
      "0": {
        "name": "(anonymous_0)",
        "decl": {
          "start": { "line": 4, "column": 34 },
          "end": { "line": 4, "column": 35 }
        },
        "loc": {
          "start": { "line": 4, "column": 70 },
          "end": { "line": 18, "column": null }
        }
      },
      "1": {
        "name": "(anonymous_1)",
        "decl": {
          "start": { "line": 8, "column": 4 },
          "end": { "line": 8, "column": null }
        },
        "loc": {
          "start": { "line": 9, "column": 6 },
          "end": { "line": 13, "column": null }
        }
      },
      "2": {
        "name": "(anonymous_2)",
        "decl": {
          "start": { "line": 10, "column": 8 },
          "end": { "line": 10, "column": 9 }
        },
        "loc": {
          "start": { "line": 11, "column": 10 },
          "end": { "line": 12, "column": null }
        }
      },
      "3": {
        "name": "(anonymous_3)",
        "decl": {
          "start": { "line": 12, "column": 27 },
          "end": { "line": 12, "column": 28 }
        },
        "loc": {
          "start": { "line": 12, "column": 37 },
          "end": { "line": 12, "column": 69 }
        }
      }
    },
    "branchMap": {
      "0": {
        "loc": {
          "start": { "line": 11, "column": 10 },
          "end": { "line": 12, "column": null }
        },
        "type": "binary-expr",
        "locations": [
          {
            "start": { "line": 11, "column": 10 },
            "end": { "line": 11, "column": null }
          },
          {
            "start": { "line": 12, "column": 10 },
            "end": { "line": 12, "column": null }
          }
        ]
      }
    },
    "s": { "0": 2, "1": 33, "2": 33, "3": 26, "4": 22, "5": 8, "6": 33 },
    "f": { "0": 33, "1": 26, "2": 22, "3": 8 },
    "b": { "0": [22, 8] }
  },
  "C:/Users/MarioOrtizCuadrado/Desktop/Proyectos/pokedex/src/hooks/__fixtures__/pokemonData.ts": {
    "path": "C:/Users/MarioOrtizCuadrado/Desktop/Proyectos/pokedex/src/hooks/__fixtures__/pokemonData.ts",
    "statementMap": {
      "0": {
        "start": { "line": 3, "column": 31 },
        "end": { "line": 5, "column": null }
      },
      "1": {
        "start": { "line": 7, "column": 38 },
        "end": { "line": 50, "column": null }
      }
    },
    "fnMap": {},
    "branchMap": {},
    "s": { "0": 2, "1": 2 },
    "f": {},
    "b": {}
  },
  "C:/Users/MarioOrtizCuadrado/Desktop/Proyectos/pokedex/src/ui/components/atoms/icons/MagnifyingGlass.tsx": {
    "path": "C:/Users/MarioOrtizCuadrado/Desktop/Proyectos/pokedex/src/ui/components/atoms/icons/MagnifyingGlass.tsx",
    "statementMap": {
      "0": {
        "start": { "line": 4, "column": 2 },
        "end": { "line": 20, "column": null }
      }
    },
    "fnMap": {
      "0": {
        "name": "MagnifyingGlass",
        "decl": {
          "start": { "line": 3, "column": 24 },
          "end": { "line": 3, "column": 42 }
        },
        "loc": {
          "start": { "line": 3, "column": 42 },
          "end": { "line": 22, "column": null }
        }
      }
    },
    "branchMap": {},
    "s": { "0": 30 },
    "f": { "0": 30 },
    "b": {}
  },
  "C:/Users/MarioOrtizCuadrado/Desktop/Proyectos/pokedex/src/ui/components/atoms/icons/PokemonIcons.tsx": {
    "path": "C:/Users/MarioOrtizCuadrado/Desktop/Proyectos/pokedex/src/ui/components/atoms/icons/PokemonIcons.tsx",
    "statementMap": {
      "0": {
        "start": { "line": 20, "column": 26 },
        "end": { "line": 39, "column": null }
      }
    },
    "fnMap": {},
    "branchMap": {},
    "s": { "0": 1 },
    "f": {},
    "b": {}
  },
  "C:/Users/MarioOrtizCuadrado/Desktop/Proyectos/pokedex/src/ui/components/atoms/icons/VerticalChevron.tsx": {
    "path": "C:/Users/MarioOrtizCuadrado/Desktop/Proyectos/pokedex/src/ui/components/atoms/icons/VerticalChevron.tsx",
    "statementMap": {
      "0": {
        "start": { "line": 2, "column": 2 },
        "end": { "line": 24, "column": null }
      }
    },
    "fnMap": {
      "0": {
        "name": "VerticalChevron",
        "decl": {
          "start": { "line": 1, "column": 9 },
          "end": { "line": 1, "column": 27 }
        },
        "loc": {
          "start": { "line": 1, "column": 27 },
          "end": { "line": 26, "column": null }
        }
      }
    },
    "branchMap": {},
    "s": { "0": 30 },
    "f": { "0": 30 },
    "b": {}
  },
  "C:/Users/MarioOrtizCuadrado/Desktop/Proyectos/pokedex/src/ui/components/atoms/skelletons/CardSkelleton.tsx": {
    "path": "C:/Users/MarioOrtizCuadrado/Desktop/Proyectos/pokedex/src/ui/components/atoms/skelletons/CardSkelleton.tsx",
    "statementMap": {
      "0": {
        "start": { "line": 1, "column": 22 },
        "end": { "line": 6, "column": null }
      },
      "1": {
        "start": { "line": 2, "column": 2 },
        "end": { "line": 6, "column": null }
      }
    },
    "fnMap": {
      "0": {
        "name": "(anonymous_0)",
        "decl": {
          "start": { "line": 1, "column": 22 },
          "end": { "line": 1, "column": null }
        },
        "loc": {
          "start": { "line": 2, "column": 2 },
          "end": { "line": 6, "column": null }
        }
      }
    },
    "branchMap": {},
    "s": { "0": 1, "1": 42 },
    "f": { "0": 42 },
    "b": {}
  },
  "C:/Users/MarioOrtizCuadrado/Desktop/Proyectos/pokedex/src/ui/components/molecules/pokemonCard/PokemonCard.tsx": {
    "path": "C:/Users/MarioOrtizCuadrado/Desktop/Proyectos/pokedex/src/ui/components/molecules/pokemonCard/PokemonCard.tsx",
    "statementMap": {
      "0": {
        "start": { "line": 8, "column": 20 },
        "end": { "line": 49, "column": null }
      },
      "1": {
        "start": { "line": 9, "column": 16 },
        "end": { "line": 11, "column": null }
      },
      "2": {
        "start": { "line": 13, "column": 2 },
        "end": { "line": 47, "column": null }
      },
      "3": {
        "start": { "line": 35, "column": 12 },
        "end": { "line": 43, "column": null }
      }
    },
    "fnMap": {
      "0": {
        "name": "(anonymous_0)",
        "decl": {
          "start": { "line": 8, "column": 20 },
          "end": { "line": 8, "column": 21 }
        },
        "loc": {
          "start": { "line": 8, "column": 55 },
          "end": { "line": 49, "column": null }
        }
      },
      "1": {
        "name": "(anonymous_1)",
        "decl": {
          "start": { "line": 34, "column": 29 },
          "end": { "line": 34, "column": 30 }
        },
        "loc": {
          "start": { "line": 35, "column": 12 },
          "end": { "line": 43, "column": null }
        }
      }
    },
    "branchMap": {
      "0": {
        "loc": {
          "start": { "line": 21, "column": 11 },
          "end": { "line": 22, "column": null }
        },
        "type": "binary-expr",
        "locations": [
          {
            "start": { "line": 21, "column": 11 },
            "end": { "line": 21, "column": null }
          },
          {
            "start": { "line": 22, "column": 12 },
            "end": { "line": 22, "column": null }
          }
        ]
      }
    },
    "s": { "0": 1, "1": 25, "2": 25, "3": 150 },
    "f": { "0": 25, "1": 150 },
    "b": { "0": [25, 0] }
  },
  "C:/Users/MarioOrtizCuadrado/Desktop/Proyectos/pokedex/src/ui/components/molecules/searchBar/SearchBar.tsx": {
    "path": "C:/Users/MarioOrtizCuadrado/Desktop/Proyectos/pokedex/src/ui/components/molecules/searchBar/SearchBar.tsx",
    "statementMap": {
      "0": {
        "start": { "line": 14, "column": 18 },
        "end": { "line": 51, "column": null }
      },
      "1": {
        "start": { "line": 15, "column": 40 },
        "end": { "line": 15, "column": null }
      },
      "2": {
        "start": { "line": 17, "column": 2 },
        "end": { "line": 49, "column": null }
      },
      "3": {
        "start": { "line": 23, "column": 25 },
        "end": { "line": 23, "column": null }
      },
      "4": {
        "start": { "line": 29, "column": 25 },
        "end": { "line": 29, "column": null }
      },
      "5": {
        "start": { "line": 29, "column": 50 },
        "end": { "line": 29, "column": 55 }
      },
      "6": {
        "start": { "line": 36, "column": 12 },
        "end": { "line": 45, "column": null }
      },
      "7": {
        "start": { "line": 40, "column": 16 },
        "end": { "line": 40, "column": null }
      },
      "8": {
        "start": { "line": 41, "column": 16 },
        "end": { "line": 41, "column": null }
      }
    },
    "fnMap": {
      "0": {
        "name": "(anonymous_0)",
        "decl": {
          "start": { "line": 14, "column": 18 },
          "end": { "line": 14, "column": 19 }
        },
        "loc": {
          "start": { "line": 14, "column": 78 },
          "end": { "line": 51, "column": null }
        }
      },
      "1": {
        "name": "(anonymous_1)",
        "decl": {
          "start": { "line": 23, "column": 18 },
          "end": { "line": 23, "column": 19 }
        },
        "loc": {
          "start": { "line": 23, "column": 25 },
          "end": { "line": 23, "column": null }
        }
      },
      "2": {
        "name": "(anonymous_2)",
        "decl": {
          "start": { "line": 29, "column": 19 },
          "end": { "line": 29, "column": 25 }
        },
        "loc": {
          "start": { "line": 29, "column": 25 },
          "end": { "line": 29, "column": null }
        }
      },
      "3": {
        "name": "(anonymous_3)",
        "decl": {
          "start": { "line": 29, "column": 40 },
          "end": { "line": 29, "column": 41 }
        },
        "loc": {
          "start": { "line": 29, "column": 50 },
          "end": { "line": 29, "column": 55 }
        }
      },
      "4": {
        "name": "(anonymous_4)",
        "decl": {
          "start": { "line": 35, "column": 50 },
          "end": { "line": 35, "column": 51 }
        },
        "loc": {
          "start": { "line": 36, "column": 12 },
          "end": { "line": 45, "column": null }
        }
      },
      "5": {
        "name": "(anonymous_5)",
        "decl": {
          "start": { "line": 39, "column": 23 },
          "end": { "line": 39, "column": 29 }
        },
        "loc": {
          "start": { "line": 39, "column": 29 },
          "end": { "line": 42, "column": null }
        }
      }
    },
    "branchMap": {
      "0": {
        "loc": {
          "start": { "line": 34, "column": 41 },
          "end": { "line": 34, "column": 67 }
        },
        "type": "cond-expr",
        "locations": [
          {
            "start": { "line": 34, "column": 56 },
            "end": { "line": 34, "column": 65 }
          },
          {
            "start": { "line": 34, "column": 65 },
            "end": { "line": 34, "column": 67 }
          }
        ]
      },
      "1": {
        "loc": {
          "start": { "line": 38, "column": 25 },
          "end": { "line": 38, "column": null }
        },
        "type": "cond-expr",
        "locations": [
          {
            "start": { "line": 38, "column": 42 },
            "end": { "line": 38, "column": 53 }
          },
          {
            "start": { "line": 38, "column": 53 },
            "end": { "line": 38, "column": null }
          }
        ]
      }
    },
    "s": {
      "0": 1,
      "1": 30,
      "2": 30,
      "3": 6,
      "4": 1,
      "5": 1,
      "6": 270,
      "7": 1,
      "8": 1
    },
    "f": { "0": 30, "1": 6, "2": 1, "3": 1, "4": 270, "5": 1 },
    "b": { "0": [29, 1], "1": [30, 240] }
  },
  "C:/Users/MarioOrtizCuadrado/Desktop/Proyectos/pokedex/src/ui/components/organisms/footer/Footer.tsx": {
    "path": "C:/Users/MarioOrtizCuadrado/Desktop/Proyectos/pokedex/src/ui/components/organisms/footer/Footer.tsx",
    "statementMap": {
      "0": {
        "start": { "line": 1, "column": 15 },
        "end": { "line": 7, "column": null }
      },
      "1": {
        "start": { "line": 2, "column": 2 },
        "end": { "line": 7, "column": null }
      }
    },
    "fnMap": {
      "0": {
        "name": "(anonymous_0)",
        "decl": {
          "start": { "line": 1, "column": 15 },
          "end": { "line": 1, "column": null }
        },
        "loc": {
          "start": { "line": 2, "column": 2 },
          "end": { "line": 7, "column": null }
        }
      }
    },
    "branchMap": {},
    "s": { "0": 1, "1": 29 },
    "f": { "0": 29 },
    "b": {}
  },
  "C:/Users/MarioOrtizCuadrado/Desktop/Proyectos/pokedex/src/ui/components/organisms/header/Header.tsx": {
    "path": "C:/Users/MarioOrtizCuadrado/Desktop/Proyectos/pokedex/src/ui/components/organisms/header/Header.tsx",
    "statementMap": {
      "0": {
        "start": { "line": 1, "column": 15 },
        "end": { "line": 5, "column": null }
      },
      "1": {
        "start": { "line": 2, "column": 2 },
        "end": { "line": 5, "column": null }
      }
    },
    "fnMap": {
      "0": {
        "name": "(anonymous_0)",
        "decl": {
          "start": { "line": 1, "column": 15 },
          "end": { "line": 1, "column": 16 }
        },
        "loc": {
          "start": { "line": 2, "column": 2 },
          "end": { "line": 5, "column": null }
        }
      }
    },
    "branchMap": {},
    "s": { "0": 1, "1": 29 },
    "f": { "0": 29 },
    "b": {}
  },
  "C:/Users/MarioOrtizCuadrado/Desktop/Proyectos/pokedex/src/ui/components/pages/Home/Home.tsx": {
    "path": "C:/Users/MarioOrtizCuadrado/Desktop/Proyectos/pokedex/src/ui/components/pages/Home/Home.tsx",
    "statementMap": {
      "0": {
        "start": { "line": 11, "column": 20 },
        "end": { "line": 52, "column": null }
      },
      "1": {
        "start": { "line": 12, "column": 28 },
        "end": { "line": 12, "column": null }
      },
      "2": {
        "start": { "line": 13, "column": 30 },
        "end": { "line": 13, "column": null }
      },
      "3": {
        "start": { "line": 15, "column": 35 },
        "end": { "line": 15, "column": null }
      },
      "4": {
        "start": { "line": 16, "column": 25 },
        "end": { "line": 16, "column": null }
      },
      "5": {
        "start": { "line": 17, "column": 22 },
        "end": { "line": 17, "column": null }
      },
      "6": {
        "start": { "line": 19, "column": 2 },
        "end": { "line": 50, "column": null }
      },
      "7": {
        "start": { "line": 34, "column": 16 },
        "end": { "line": 34, "column": null }
      },
      "8": {
        "start": { "line": 41, "column": 16 },
        "end": { "line": 41, "column": null }
      }
    },
    "fnMap": {
      "0": {
        "name": "(anonymous_0)",
        "decl": {
          "start": { "line": 11, "column": 20 },
          "end": { "line": 11, "column": 26 }
        },
        "loc": {
          "start": { "line": 11, "column": 26 },
          "end": { "line": 52, "column": null }
        }
      },
      "1": {
        "name": "(anonymous_1)",
        "decl": {
          "start": { "line": 33, "column": 41 },
          "end": { "line": 33, "column": 42 }
        },
        "loc": {
          "start": { "line": 34, "column": 16 },
          "end": { "line": 34, "column": null }
        }
      },
      "2": {
        "name": "(anonymous_2)",
        "decl": {
          "start": { "line": 40, "column": 31 },
          "end": { "line": 40, "column": 32 }
        },
        "loc": {
          "start": { "line": 41, "column": 16 },
          "end": { "line": 41, "column": null }
        }
      }
    },
    "branchMap": {
      "0": {
        "loc": {
          "start": { "line": 29, "column": 9 },
          "end": { "line": 29, "column": null }
        },
        "type": "binary-expr",
        "locations": [
          {
            "start": { "line": 29, "column": 9 },
            "end": { "line": 29, "column": 18 }
          },
          {
            "start": { "line": 29, "column": 18 },
            "end": { "line": 29, "column": null }
          }
        ]
      },
      "1": {
        "loc": {
          "start": { "line": 31, "column": 11 },
          "end": { "line": 36, "column": null }
        },
        "type": "binary-expr",
        "locations": [
          {
            "start": { "line": 31, "column": 11 },
            "end": { "line": 31, "column": null }
          },
          {
            "start": { "line": 32, "column": 12 },
            "end": { "line": 36, "column": null }
          }
        ]
      },
      "2": {
        "loc": {
          "start": { "line": 38, "column": 11 },
          "end": { "line": 43, "column": null }
        },
        "type": "binary-expr",
        "locations": [
          {
            "start": { "line": 38, "column": 11 },
            "end": { "line": 38, "column": null }
          },
          {
            "start": { "line": 39, "column": 12 },
            "end": { "line": 43, "column": null }
          }
        ]
      },
      "3": {
        "loc": {
          "start": { "line": 46, "column": 9 },
          "end": { "line": 47, "column": null }
        },
        "type": "binary-expr",
        "locations": [
          {
            "start": { "line": 46, "column": 9 },
            "end": { "line": 46, "column": 21 }
          },
          {
            "start": { "line": 46, "column": 21 },
            "end": { "line": 46, "column": 31 }
          },
          {
            "start": { "line": 46, "column": 31 },
            "end": { "line": 46, "column": null }
          },
          {
            "start": { "line": 47, "column": 10 },
            "end": { "line": 47, "column": null }
          }
        ]
      }
    },
    "s": {
      "0": 1,
      "1": 29,
      "2": 29,
      "3": 29,
      "4": 29,
      "5": 29,
      "6": 29,
      "7": 42,
      "8": 25
    },
    "f": { "0": 29, "1": 42, "2": 25 },
    "b": { "0": [29, 0], "1": [29, 7], "2": [29, 14], "3": [29, 22, 22, 9] }
  },
  "C:/Users/MarioOrtizCuadrado/Desktop/Proyectos/pokedex/src/ui/components/pages/Home/__fixtures__/pokemonData.ts": {
    "path": "C:/Users/MarioOrtizCuadrado/Desktop/Proyectos/pokedex/src/ui/components/pages/Home/__fixtures__/pokemonData.ts",
    "statementMap": {
      "0": {
        "start": { "line": 3, "column": 38 },
        "end": { "line": 45, "column": null }
      }
    },
    "fnMap": {},
    "branchMap": {},
    "s": { "0": 1 },
    "f": {},
    "b": {}
  },
  "C:/Users/MarioOrtizCuadrado/Desktop/Proyectos/pokedex/src/ui/components/templates/Layout.tsx": {
    "path": "C:/Users/MarioOrtizCuadrado/Desktop/Proyectos/pokedex/src/ui/components/templates/Layout.tsx",
    "statementMap": {
      "0": {
        "start": { "line": 4, "column": 15 },
        "end": { "line": 12, "column": null }
      },
      "1": {
        "start": { "line": 5, "column": 2 },
        "end": { "line": 10, "column": null }
      }
    },
    "fnMap": {
      "0": {
        "name": "(anonymous_0)",
        "decl": {
          "start": { "line": 4, "column": 15 },
          "end": { "line": 4, "column": 16 }
        },
        "loc": {
          "start": { "line": 4, "column": 33 },
          "end": { "line": 12, "column": null }
        }
      }
    },
    "branchMap": {},
    "s": { "0": 1, "1": 29 },
    "f": { "0": 29 },
    "b": {}
  }
}
